# JRE version: Java(TM) SE Runtime Environment (17.0.7+8) (build 17.0.7+8-LTS-224)
# Java VM: Java HotSpot(TM) 64-Bit Server VM (17.0.7+8-LTS-224, mixed mode, sharing, tiered, compressed oops, compressed class ptrs, g1 gc, windows-amd64)
GC Precious Log:
 CPUs: 16 total, 16 available
 Memory: 32541M
 Large Page Support: Disabled
 NUMA Support: Disabled
 Compressed Oops: Enabled (32-bit)
 Heap Region Size: 1M
 Heap Min Capacity: 8M
 Heap Initial Capacity: 510M
 Heap Max Capacity: 2G
 Pre-touch: Disabled
 Parallel Workers: 13
 Concurrent Workers: 3
 Concurrent Refinement Workers: 13
 Periodic GC: Disabled
Heap:
 garbage-first heap   total 263168K, used 169712K [0x0000000080000000, 0x0000000100000000)
  region size 1024K, 76 young (77824K), 15 survivors (15360K)
 Metaspace       used 94444K, committed 95296K, reserved 1138688K
  class space    used 12759K, committed 13184K, reserved 1048576K
GC Heap History (20 events):
Event: 4.475 GC heap before
{Heap before GC invocations=13 (full 0):
 garbage-first heap   total 119808K, used 86867K [0x0000000080000000, 0x0000000100000000)
  region size 1024K, 32 young (32768K), 2 survivors (2048K)
 Metaspace       used 57422K, committed 57984K, reserved 1105920K
  class space    used 7760K, committed 8000K, reserved 1048576K
}
Event: 4.477 GC heap after
{Heap after GC invocations=14 (full 0):
 garbage-first heap   total 119808K, used 59551K [0x0000000080000000, 0x0000000100000000)
  region size 1024K, 5 young (5120K), 5 survivors (5120K)
 Metaspace       used 57422K, committed 57984K, reserved 1105920K
  class space    used 7760K, committed 8000K, reserved 1048576K
}
Event: 4.651 GC heap before
{Heap before GC invocations=15 (full 0):
 garbage-first heap   total 126976K, used 98463K [0x0000000080000000, 0x0000000100000000)
  region size 1024K, 37 young (37888K), 5 survivors (5120K)
 Metaspace       used 59328K, committed 59904K, reserved 1105920K
  class space    used 8015K, committed 8256K, reserved 1048576K
}
Event: 4.653 GC heap after
{Heap after GC invocations=16 (full 0):
 garbage-first heap   total 126976K, used 62851K [0x0000000080000000, 0x0000000100000000)
  region size 1024K, 4 young (4096K), 4 survivors (4096K)
 Metaspace       used 59328K, committed 59904K, reserved 1105920K
  class space    used 8015K, committed 8256K, reserved 1048576K
}
Event: 4.970 GC heap before
{Heap before GC invocations=16 (full 0):
 garbage-first heap   total 126976K, used 97667K [0x0000000080000000, 0x0000000100000000)
  region size 1024K, 38 young (38912K), 4 survivors (4096K)
 Metaspace       used 62644K, committed 63296K, reserved 1105920K
  class space    used 8440K, committed 8768K, reserved 1048576K
}
Event: 4.972 GC heap after
{Heap after GC invocations=17 (full 0):
 garbage-first heap   total 126976K, used 65558K [0x0000000080000000, 0x0000000100000000)
  region size 1024K, 3 young (3072K), 3 survivors (3072K)
 Metaspace       used 62644K, committed 63296K, reserved 1105920K
  class space    used 8440K, committed 8768K, reserved 1048576K
}
Event: 5.254 GC heap before
{Heap before GC invocations=18 (full 0):
 garbage-first heap   total 126976K, used 99350K [0x0000000080000000, 0x0000000100000000)
  region size 1024K, 36 young (36864K), 3 survivors (3072K)
 Metaspace       used 66087K, committed 66688K, reserved 1114112K
  class space    used 8914K, committed 9216K, reserved 1048576K
}
Event: 5.256 GC heap after
{Heap after GC invocations=19 (full 0):
 garbage-first heap   total 126976K, used 67731K [0x0000000080000000, 0x0000000100000000)
  region size 1024K, 3 young (3072K), 3 survivors (3072K)
 Metaspace       used 66087K, committed 66688K, reserved 1114112K
  class space    used 8914K, committed 9216K, reserved 1048576K
}
Event: 5.274 GC heap before
{Heap before GC invocations=19 (full 0):
 garbage-first heap   total 126976K, used 70803K [0x0000000080000000, 0x0000000100000000)
  region size 1024K, 6 young (6144K), 3 survivors (3072K)
 Metaspace       used 66496K, committed 67136K, reserved 1114112K
  class space    used 8973K, committed 9280K, reserved 1048576K
}
Event: 5.275 GC heap after
{Heap after GC invocations=20 (full 0):
 garbage-first heap   total 126976K, used 68048K [0x0000000080000000, 0x0000000100000000)
  region size 1024K, 1 young (1024K), 1 survivors (1024K)
 Metaspace       used 66496K, committed 67136K, reserved 1114112K
  class space    used 8973K, committed 9280K, reserved 1048576K
}
Event: 5.506 GC heap before
{Heap before GC invocations=20 (full 0):
 garbage-first heap   total 126976K, used 100816K [0x0000000080000000, 0x0000000100000000)
  region size 1024K, 33 young (33792K), 1 survivors (1024K)
 Metaspace       used 69070K, committed 69696K, reserved 1114112K
  class space    used 9270K, committed 9600K, reserved 1048576K
}
Event: 5.510 GC heap after
{Heap after GC invocations=21 (full 0):
 garbage-first heap   total 324608K, used 72377K [0x0000000080000000, 0x0000000100000000)
  region size 1024K, 5 young (5120K), 5 survivors (5120K)
 Metaspace       used 69070K, committed 69696K, reserved 1114112K
  class space    used 9270K, committed 9600K, reserved 1048576K
}
Event: 6.756 GC heap before
{Heap before GC invocations=22 (full 0):
 garbage-first heap   total 263168K, used 225977K [0x0000000080000000, 0x0000000100000000)
  region size 1024K, 155 young (158720K), 5 survivors (5120K)
 Metaspace       used 79664K, committed 80320K, reserved 1122304K
  class space    used 10896K, committed 11200K, reserved 1048576K
}
Event: 6.762 GC heap after
{Heap after GC invocations=23 (full 0):
 garbage-first heap   total 263168K, used 81677K [0x0000000080000000, 0x0000000100000000)
  region size 1024K, 14 young (14336K), 14 survivors (14336K)
 Metaspace       used 79664K, committed 80320K, reserved 1122304K
  class space    used 10896K, committed 11200K, reserved 1048576K
}
Event: 6.783 GC heap before
{Heap before GC invocations=23 (full 0):
 garbage-first heap   total 263168K, used 82701K [0x0000000080000000, 0x0000000100000000)
  region size 1024K, 15 young (15360K), 14 survivors (14336K)
 Metaspace       used 79829K, committed 80512K, reserved 1122304K
  class space    used 10926K, committed 11264K, reserved 1048576K
}
Event: 6.787 GC heap after
{Heap after GC invocations=24 (full 0):
 garbage-first heap   total 263168K, used 82961K [0x0000000080000000, 0x0000000100000000)
  region size 1024K, 2 young (2048K), 2 survivors (2048K)
 Metaspace       used 79829K, committed 80512K, reserved 1122304K
  class space    used 10926K, committed 11264K, reserved 1048576K
}
Event: 7.850 GC heap before
{Heap before GC invocations=24 (full 0):
 garbage-first heap   total 263168K, used 198673K [0x0000000080000000, 0x0000000100000000)
  region size 1024K, 115 young (117760K), 2 survivors (2048K)
 Metaspace       used 88125K, committed 88896K, reserved 1130496K
  class space    used 12044K, committed 12416K, reserved 1048576K
}
Event: 7.855 GC heap after
{Heap after GC invocations=25 (full 0):
 garbage-first heap   total 263168K, used 92994K [0x0000000080000000, 0x0000000100000000)
  region size 1024K, 12 young (12288K), 12 survivors (12288K)
 Metaspace       used 88125K, committed 88896K, reserved 1130496K
  class space    used 12044K, committed 12416K, reserved 1048576K
}
Event: 9.004 GC heap before
{Heap before GC invocations=25 (full 0):
 garbage-first heap   total 263168K, used 200514K [0x0000000080000000, 0x0000000100000000)
  region size 1024K, 117 young (119808K), 12 survivors (12288K)
 Metaspace       used 92106K, committed 92864K, reserved 1130496K
  class space    used 12396K, committed 12736K, reserved 1048576K
}
Event: 9.012 GC heap after
{Heap after GC invocations=26 (full 0):
 garbage-first heap   total 263168K, used 108272K [0x0000000080000000, 0x0000000100000000)
  region size 1024K, 15 young (15360K), 15 survivors (15360K)
 Metaspace       used 92106K, committed 92864K, reserved 1130496K
  class space    used 12396K, committed 12736K, reserved 1048576K
}

